<?xml version="1.0" encoding="UTF-8"?>
<!-- Generated by org.testng.reporters.JUnitReportReporter -->
<testsuite hostname="EQUIPO" name="com.nil.tests.NewTest" tests="3" failures="0" timestamp="21 Feb 2020 00:15:04 GMT" time="43.359" errors="0">
  <testcase name="login" time="14.335" classname="com.nil.tests.NewTest"/>
  <testcase name="login" time="14.748" classname="com.nil.tests.NewTest"/>
  <testcase name="login" time="14.276" classname="com.nil.tests.NewTest"/>
</testsuite> <!-- com.nil.tests.NewTest -->
