<?xml version="1.0" encoding="UTF-8"?>
<!-- Generated by org.testng.reporters.JUnitReportReporter -->
<testsuite hostname="EQUIPO" name="com.nil.tests.TestSuit" tests="2" failures="0" timestamp="20 Feb 2020 20:51:35 GMT" time="12.011" errors="0">
  <testcase name="login" time="5.111" classname="com.nil.tests.TestSuit"/>
  <testcase name="login" time="6.900" classname="com.nil.tests.TestSuit"/>
</testsuite> <!-- com.nil.tests.TestSuit -->
